<?xml version="1.0" encoding="UTF-8"?>
<!-- Generated by org.testng.reporters.JUnitXMLReporter -->
<testsuite hostname="DESKTOP-4JQCKJ4" ignored="0" name="Add_To_Cart" tests="2" failures="1" timestamp="2020-05-15T17:55:00 NPT" time="30.313" errors="0">
  <testcase name="dress" time="15.974" classname="automation.Add_To_Cart">
    <failure type="junit.framework.ComparisonFailure" message="expected:&amp;lt;Dresses...&amp;gt; but was:&amp;lt;My account...&amp;gt;">
      <![CDATA[junit.framework.ComparisonFailure: expected:<Dresses...> but was:<My account...>
at junit.framework.Assert.assertEquals(Assert.java:81)
at junit.framework.Assert.assertEquals(Assert.java:87)
at automation.Add_To_Cart.dress(Add_To_Cart.java:47)
at java.util.ArrayList.forEach(Unknown Source)
... Removed 27 stack frames]]>
    </failure>
  </testcase> <!-- dress -->
  <testcase name="signOut" time="0.0" classname="automation.Add_To_Cart">
    <skipped/>
  </testcase> <!-- signOut -->
</testsuite> <!-- Add_To_Cart -->
