<?xml version="1.0" encoding="UTF-8"?>
<!-- Generated by org.testng.reporters.JUnitXMLReporter -->
<testsuite hostname="DESKTOP-4JQCKJ4" ignored="0" name="Register" tests="3" failures="0" timestamp="2020-05-15T17:54:30 NPT" time="42.09" errors="0">
  <testcase name="landingPage" time="6.772" classname="automation.Register_User"/>
  <testcase name="account" time="3.389" classname="automation.Register_User"/>
  <testcase name="register" time="12.202" classname="automation.Register_User"/>
</testsuite> <!-- Register -->
